Job Start
Fri Jun  5 08:27:56 PM EDT 2026
c0603a-s11.ufhpc
/home/khek.do/diamond
---
Starting on cuda:0
wandb: Currently logged in as: khekdoa (khekdoa-university-of-florida). Use `wandb login --relogin` to force relogin
wandb: wandb version 0.27.1 is available!  To upgrade, please run:
wandb:  $ pip install wandb --upgrade
wandb: Tracking run with wandb version 0.17.0
wandb: Run data is saved locally in /home/khek.do/diamond/outputs/2026-06-05/20-28-00/wandb/run-20260605_202801-8omtyvlq
wandb: Run `wandb offline` to turn off syncing.
wandb: Syncing run pleasant-capybara-6
wandb: ⭐️ View project at https://wandb.ai/khekdoa-university-of-florida/diamond-src
wandb: 🚀 View run at https://wandb.ai/khekdoa-university-of-florida/diamond-src/runs/8omtyvlq
/home/khek.do/diamond/src/data/dataset.py:143: FutureWarning: You are using `torch.load` with `weights_only=False` (the current default value), which uses the default pickle module implicitly. It is possible to construct malicious pickle data which will execute arbitrary code during unpickling (See https://github.com/pytorch/pytorch/blob/main/SECURITY.md#untrusted-models for more details). In a future release, the default value for `weights_only` will be flipped to `True`. This limits the functions that could be executed during unpickling. Arbitrary objects will no longer be allowed to be loaded via this mode unless they are explicitly allowlisted by the user via `torch.serialization.add_safe_globals`. We recommend you start setting `weights_only=True` for any use case where you don't have full control of the loaded file. Please open an issue on GitHub for any issues related to this experimental feature.
  self.load_state_dict(torch.load(self._default_path))
/home/khek.do/diamond/.venv/lib/python3.11/site-packages/torch/utils/data/sampler.py:65: UserWarning: `data_source` argument is not used and will be removed in 2.2.0.You may still have custom implementation that utilizes it.
  warnings.warn("`data_source` argument is not used and will be removed in 2.2.0."
4406019 parameters in denoiser
17435328 parameters in rew_end_model
8997318 parameters in actor_critic
train_dataset: 0 episodes, 0 steps.
test_dataset: 0 episodes, 0 steps.

Epoch 1 / 50

Error executing job with overrides: []
Traceback (most recent call last):
  File "/home/khek.do/diamond/src/main.py", line 24, in main
    run(cfg, root_dir)
  File "/home/khek.do/diamond/src/utils.py", line 303, in inner
    func(*args, **kwargs)
  File "/home/khek.do/diamond/src/main.py", line 38, in run
    trainer.run()
  File "/home/khek.do/diamond/src/trainer.py", line 245, in run
    to_log += self.train_agent()
              ^^^^^^^^^^^^^^^^^^
  File "/home/khek.do/diamond/src/trainer.py", line 341, in train_agent
    to_log += self.train_component(name, steps)
              ^^^^^^^^^^^^^^^^^^^^^^^^^^^^^^^^^
  File "/home/khek.do/diamond/src/trainer.py", line 366, in train_component
    data_iterator = iter(data_loader) if data_loader is not None else None
                    ^^^^^^^^^^^^^^^^^
  File "/home/khek.do/diamond/.venv/lib/python3.11/site-packages/torch/utils/data/dataloader.py", line 435, in __iter__
    self._iterator = self._get_iterator()
                     ^^^^^^^^^^^^^^^^^^^^
  File "/home/khek.do/diamond/.venv/lib/python3.11/site-packages/torch/utils/data/dataloader.py", line 388, in _get_iterator
    return _MultiProcessingDataLoaderIter(self)
           ^^^^^^^^^^^^^^^^^^^^^^^^^^^^^^^^^^^^
  File "/home/khek.do/diamond/.venv/lib/python3.11/site-packages/torch/utils/data/dataloader.py", line 1083, in __init__
    self._reset(loader, first_iter=True)
  File "/home/khek.do/diamond/.venv/lib/python3.11/site-packages/torch/utils/data/dataloader.py", line 1116, in _reset
    self._try_put_index()
  File "/home/khek.do/diamond/.venv/lib/python3.11/site-packages/torch/utils/data/dataloader.py", line 1350, in _try_put_index
    index = self._next_index()
            ^^^^^^^^^^^^^^^^^^
  File "/home/khek.do/diamond/.venv/lib/python3.11/site-packages/torch/utils/data/dataloader.py", line 620, in _next_index
    return next(self._sampler_iter)  # may raise StopIteration
           ^^^^^^^^^^^^^^^^^^^^^^^^
  File "/home/khek.do/diamond/src/data/batch_sampler.py", line 36, in __iter__
    yield self.sample()
          ^^^^^^^^^^^^^
  File "/home/khek.do/diamond/src/data/batch_sampler.py", line 55, in sample
    episode_ids = np.random.choice(episodes_partition, size=self.batch_size, replace=True, p=weights / weights.sum())
                  ^^^^^^^^^^^^^^^^^^^^^^^^^^^^^^^^^^^^^^^^^^^^^^^^^^^^^^^^^^^^^^^^^^^^^^^^^^^^^^^^^^^^^^^^^^^^^^^^^^^
  File "numpy/random/mtrand.pyx", line 951, in numpy.random.mtrand.RandomState.choice
ValueError: 'a' cannot be empty unless no samples are taken

Set the environment variable HYDRA_FULL_ERROR=1 for a complete stack trace.
wandb: - 0.014 MB of 0.014 MB uploadedwandb: \ 0.014 MB of 0.014 MB uploadedwandb: | 0.049 MB of 0.059 MB uploaded (0.001 MB deduped)wandb: / 0.059 MB of 0.059 MB uploaded (0.001 MB deduped)wandb: 🚀 View run pleasant-capybara-6 at: https://wandb.ai/khekdoa-university-of-florida/diamond-src/runs/8omtyvlq
wandb: ⭐️ View project at: https://wandb.ai/khekdoa-university-of-florida/diamond-src
wandb: Synced 5 W&B file(s), 0 media file(s), 2 artifact file(s) and 1 other file(s)
wandb: Find logs at: ./wandb/run-20260605_202801-8omtyvlq/logs
Job End
Fri Jun  5 08:29:32 PM EDT 2026
---
